<?xml version="1.0" encoding="UTF-8"?>
<!-- Generated by org.testng.reporters.JUnitXMLReporter -->
<testsuite hostname="Jyothi" name="Test" tests="4" failures="0" timestamp="20 Nov 2019 13:16:42 GMT" time="191.241" errors="0">
  <testcase name="f1" time="12.658" classname="pack1.NewTest"/>
  <testcase name="f2" time="11.714" classname="pack1.NewTest"/>
  <testcase name="f1" time="14.602" classname="pack1.NewTest2"/>
  <testcase name="f2" time="14.554" classname="pack1.NewTest2"/>
</testsuite> <!-- Test -->
